<?xml version="1.0" encoding="UTF-8"?>
<!-- Generated by org.testng.reporters.JUnitReportReporter -->
<testsuite hostname="DESKTOP-6P4MI60" failures="0" tests="10" name="MyTestcase" time="24.152" errors="0" timestamp="2024-07-09T00:35:13 EEST" skipped="0">
  <testcase classname="MyTestcase" name="checkThelanguage" time="0.035"/>
  <system-out/>
  <testcase classname="MyTestcase" name="checkThecurrencyIsSAR" time="0.085"/>
  <system-out/>
  <testcase classname="MyTestcase" name="checkContactNumberIsCorrect" time="0.022"/>
  <system-out/>
  <testcase classname="MyTestcase" name="ckeckIfQitafLogoIsExist" time="0.039"/>
  <system-out/>
  <testcase classname="MyTestcase" name="checkIfHotelTabIsNotSelected" time="0.031"/>
  <system-out/>
  <testcase classname="MyTestcase" name="changeTheLanguageOfWebsiteRandomly" time="2.962"/>
  <system-out/>
  <testcase classname="MyTestcase" name="hotelSelection" time="0.234"/>
  <system-out/>
  <testcase classname="MyTestcase" name="selectNumberOfPeopleRandomly" time="4.998"/>
  <system-out/>
  <testcase classname="MyTestcase" name="checkThePageIsFullyLoaded" time="15.098"/>
  <system-out/>
  <testcase classname="MyTestcase" name="checkIfItemsSortedFromLowestToHighest" time="0.648"/>
  <system-out/>
</testsuite> <!-- MyTestcase -->
